c:\users\alex\desktop\mza\mza\mza\debug\vc120.pdb
c:\users\alex\desktop\mza\mza\mza\debug\vc120.idb
c:\users\alex\desktop\mza\mza\mza\debug\main.obj
c:\users\alex\desktop\mza\mza\mza\debug\canon.obj
c:\users\alex\desktop\mza\mza\mza\debug\castillo.obj
c:\users\alex\desktop\mza\mza\mza\debug\celda.obj
c:\users\alex\desktop\mza\mza\mza\debug\contenedorcastillo.obj
c:\users\alex\desktop\mza\mza\mza\debug\contenedormza.obj
c:\users\alex\desktop\mza\mza\mza\debug\estructura.obj
c:\users\alex\desktop\mza\mza\mza\debug\fabrica.obj
c:\users\alex\desktop\mza\mza\mza\debug\iazombi.obj
c:\users\alex\desktop\mza\mza\mza\debug\juego.obj
c:\users\alex\desktop\mza\mza\mza\debug\jugador.obj
c:\users\alex\desktop\mza\mza\mza\debug\mapa.obj
c:\users\alex\desktop\mza\mza\mza\debug\menulateraljuego.obj
c:\users\alex\desktop\mza\mza\mza\debug\menuprincipal.obj
c:\users\alex\desktop\mza\mza\mza\debug\mina.obj
c:\users\alex\desktop\mza\mza\mza\debug\muro.obj
c:\users\alex\desktop\mza\mza\mza\debug\poderwololo.obj
c:\users\alex\desktop\mza\mza\mza\debug\posicioninterpolacion.obj
c:\users\alex\desktop\mza\mza\mza\debug\ronda.obj
c:\users\alex\desktop\mza\mza\mza\debug\zombi.obj
c:\users\alex\desktop\mza\mza\mza\debug\zombieprueba.obj
c:\users\alex\desktop\mza\mza\mza\debug\boton.obj
c:\users\alex\desktop\mza\mza\mza\debug\botonmenu.obj
c:\users\alex\desktop\mza\mza\mza\debug\arquero.obj
c:\users\alex\desktop\mza\mza\debug\mza.ilk
c:\users\alex\desktop\mza\mza\debug\mza.exe
c:\users\alex\desktop\mza\mza\debug\mza.pdb
c:\users\alex\desktop\mza\mza\mza\debug\mza.tlog\cl.command.1.tlog
c:\users\alex\desktop\mza\mza\mza\debug\mza.tlog\cl.read.1.tlog
c:\users\alex\desktop\mza\mza\mza\debug\mza.tlog\cl.write.1.tlog
c:\users\alex\desktop\mza\mza\mza\debug\mza.tlog\link.command.1.tlog
c:\users\alex\desktop\mza\mza\mza\debug\mza.tlog\link.read.1.tlog
c:\users\alex\desktop\mza\mza\mza\debug\mza.tlog\link.write.1.tlog
